C:\USERS\LENOVO\DESKTOP\红桃444\红桃\DEBUG\红桃.EXE
C:\USERS\LENOVO\DESKTOP\红桃444\红桃\DEBUG\红桃.ILK
C:\USERS\LENOVO\DESKTOP\红桃444\红桃\DEBUG\红桃.PDB
C:\Users\lenovo\Desktop\红桃444\红桃\红桃\Debug\cl.command.1.tlog
C:\Users\lenovo\Desktop\红桃444\红桃\红桃\Debug\CL.read.1.tlog
C:\Users\lenovo\Desktop\红桃444\红桃\红桃\Debug\CL.write.1.tlog
C:\USERS\LENOVO\DESKTOP\红桃444\红桃\红桃\DEBUG\FUNCTION.OBJ
C:\Users\lenovo\Desktop\红桃444\红桃\红桃\Debug\link.10476.read.1.tlog
C:\Users\lenovo\Desktop\红桃444\红桃\红桃\Debug\link.10476.write.1.tlog
C:\Users\lenovo\Desktop\红桃444\红桃\红桃\Debug\link.10476-cvtres.read.1.tlog
C:\Users\lenovo\Desktop\红桃444\红桃\红桃\Debug\link.10476-cvtres.write.1.tlog
C:\Users\lenovo\Desktop\红桃444\红桃\红桃\Debug\link.20992.read.1.tlog
C:\Users\lenovo\Desktop\红桃444\红桃\红桃\Debug\link.20992.write.1.tlog
C:\Users\lenovo\Desktop\红桃444\红桃\红桃\Debug\link.20992-cvtres.read.1.tlog
C:\Users\lenovo\Desktop\红桃444\红桃\红桃\Debug\link.20992-cvtres.write.1.tlog
C:\Users\lenovo\Desktop\红桃444\红桃\红桃\Debug\link.2148.read.1.tlog
C:\Users\lenovo\Desktop\红桃444\红桃\红桃\Debug\link.2148.write.1.tlog
C:\Users\lenovo\Desktop\红桃444\红桃\红桃\Debug\link.2148-cvtres.read.1.tlog
C:\Users\lenovo\Desktop\红桃444\红桃\红桃\Debug\link.2148-cvtres.write.1.tlog
C:\Users\lenovo\Desktop\红桃444\红桃\红桃\Debug\link.22004.read.1.tlog
C:\Users\lenovo\Desktop\红桃444\红桃\红桃\Debug\link.22004.write.1.tlog
C:\Users\lenovo\Desktop\红桃444\红桃\红桃\Debug\link.22004-cvtres.read.1.tlog
C:\Users\lenovo\Desktop\红桃444\红桃\红桃\Debug\link.22004-cvtres.write.1.tlog
C:\Users\lenovo\Desktop\红桃444\红桃\红桃\Debug\link.25088.read.1.tlog
C:\Users\lenovo\Desktop\红桃444\红桃\红桃\Debug\link.25088.write.1.tlog
C:\Users\lenovo\Desktop\红桃444\红桃\红桃\Debug\link.25088-cvtres.read.1.tlog
C:\Users\lenovo\Desktop\红桃444\红桃\红桃\Debug\link.25088-cvtres.write.1.tlog
C:\Users\lenovo\Desktop\红桃444\红桃\红桃\Debug\link.26004.read.1.tlog
C:\Users\lenovo\Desktop\红桃444\红桃\红桃\Debug\link.26004.write.1.tlog
C:\Users\lenovo\Desktop\红桃444\红桃\红桃\Debug\link.26004-cvtres.read.1.tlog
C:\Users\lenovo\Desktop\红桃444\红桃\红桃\Debug\link.26004-cvtres.write.1.tlog
C:\Users\lenovo\Desktop\红桃444\红桃\红桃\Debug\link.4296.read.1.tlog
C:\Users\lenovo\Desktop\红桃444\红桃\红桃\Debug\link.4296.write.1.tlog
C:\Users\lenovo\Desktop\红桃444\红桃\红桃\Debug\link.4296-cvtres.read.1.tlog
C:\Users\lenovo\Desktop\红桃444\红桃\红桃\Debug\link.4296-cvtres.write.1.tlog
C:\Users\lenovo\Desktop\红桃444\红桃\红桃\Debug\link.8924.read.1.tlog
C:\Users\lenovo\Desktop\红桃444\红桃\红桃\Debug\link.8924.write.1.tlog
C:\Users\lenovo\Desktop\红桃444\红桃\红桃\Debug\link.8924-cvtres.read.1.tlog
C:\Users\lenovo\Desktop\红桃444\红桃\红桃\Debug\link.8924-cvtres.write.1.tlog
C:\Users\lenovo\Desktop\红桃444\红桃\红桃\Debug\link.command.1.tlog
C:\Users\lenovo\Desktop\红桃444\红桃\红桃\Debug\link.read.1.tlog
C:\Users\lenovo\Desktop\红桃444\红桃\红桃\Debug\link.write.1.tlog
C:\Users\lenovo\Desktop\红桃444\红桃\红桃\Debug\link-cvtres.read.1.tlog
C:\Users\lenovo\Desktop\红桃444\红桃\红桃\Debug\link-cvtres.write.1.tlog
C:\Users\lenovo\Desktop\红桃444\红桃\红桃\Debug\mt.command.1.tlog
C:\Users\lenovo\Desktop\红桃444\红桃\红桃\Debug\mt.read.1.tlog
C:\Users\lenovo\Desktop\红桃444\红桃\红桃\Debug\mt.write.1.tlog
C:\USERS\LENOVO\DESKTOP\红桃444\红桃\红桃\DEBUG\NUMRAIN.OBJ
C:\Users\lenovo\Desktop\红桃444\红桃\红桃\Debug\rc.command.1.tlog
C:\Users\lenovo\Desktop\红桃444\红桃\红桃\Debug\rc.read.1.tlog
C:\Users\lenovo\Desktop\红桃444\红桃\红桃\Debug\rc.write.1.tlog
C:\Users\lenovo\Desktop\红桃444\红桃\红桃\Debug\vc100.idb
C:\USERS\LENOVO\DESKTOP\红桃444\红桃\红桃\DEBUG\VC100.PDB
C:\USERS\LENOVO\DESKTOP\红桃444\红桃\红桃\DEBUG\红桃.EXE.EMBED.MANIFEST
C:\USERS\LENOVO\DESKTOP\红桃444\红桃\红桃\DEBUG\红桃.EXE.EMBED.MANIFEST.RES
C:\USERS\LENOVO\DESKTOP\红桃444\红桃\红桃\DEBUG\红桃.EXE.INTERMEDIATE.MANIFEST
C:\USERS\LENOVO\DESKTOP\红桃444\红桃\红桃\DEBUG\红桃.OBJ
C:\Users\lenovo\Desktop\红桃444\红桃\红桃\Debug\红桃.vcxprojResolveAssemblyReference.cache
C:\Users\lenovo\Desktop\红桃444\红桃\红桃\Debug\红桃.write.1.tlog
C:\Users\lenovo\Desktop\红桃444\红桃\红桃\Debug\红桃_manifest.rc
