  function.cpp
C:\Users\lenovo\Desktop\创新实践文档—红桃组\项目实践作品\红桃\红桃\function.cpp(150,1): warning C4996: '_swprintf': This function or variable may be unsafe. Consider using swprintf_s instead. To disable deprecation, use _CRT_SECURE_NO_WARNINGS. See online help for details.
C:\Program Files (x86)\Windows Kits\10\Include\10.0.18362.0\ucrt\corecrt_wstdio.h(1446): message : 参见“_swprintf”的声明
C:\Users\lenovo\Desktop\创新实践文档—红桃组\项目实践作品\红桃\红桃\function.cpp(153,1): warning C4996: '_swprintf': This function or variable may be unsafe. Consider using swprintf_s instead. To disable deprecation, use _CRT_SECURE_NO_WARNINGS. See online help for details.
C:\Program Files (x86)\Windows Kits\10\Include\10.0.18362.0\ucrt\corecrt_wstdio.h(1446): message : 参见“_swprintf”的声明
C:\Users\lenovo\Desktop\创新实践文档—红桃组\项目实践作品\红桃\红桃\function.cpp(156,1): warning C4996: '_swprintf': This function or variable may be unsafe. Consider using swprintf_s instead. To disable deprecation, use _CRT_SECURE_NO_WARNINGS. See online help for details.
C:\Program Files (x86)\Windows Kits\10\Include\10.0.18362.0\ucrt\corecrt_wstdio.h(1446): message : 参见“_swprintf”的声明
C:\Users\lenovo\Desktop\创新实践文档—红桃组\项目实践作品\红桃\红桃\function.cpp(160,1): warning C4996: '_swprintf': This function or variable may be unsafe. Consider using swprintf_s instead. To disable deprecation, use _CRT_SECURE_NO_WARNINGS. See online help for details.
C:\Program Files (x86)\Windows Kits\10\Include\10.0.18362.0\ucrt\corecrt_wstdio.h(1446): message : 参见“_swprintf”的声明
C:\Users\lenovo\Desktop\创新实践文档—红桃组\项目实践作品\红桃\红桃\function.cpp(163,1): warning C4996: '_swprintf': This function or variable may be unsafe. Consider using swprintf_s instead. To disable deprecation, use _CRT_SECURE_NO_WARNINGS. See online help for details.
C:\Program Files (x86)\Windows Kits\10\Include\10.0.18362.0\ucrt\corecrt_wstdio.h(1446): message : 参见“_swprintf”的声明
C:\Users\lenovo\Desktop\创新实践文档—红桃组\项目实践作品\红桃\红桃\function.cpp(166,1): warning C4996: '_swprintf': This function or variable may be unsafe. Consider using swprintf_s instead. To disable deprecation, use _CRT_SECURE_NO_WARNINGS. See online help for details.
C:\Program Files (x86)\Windows Kits\10\Include\10.0.18362.0\ucrt\corecrt_wstdio.h(1446): message : 参见“_swprintf”的声明
C:\Users\lenovo\Desktop\创新实践文档—红桃组\项目实践作品\红桃\红桃\function.cpp(186,1): warning C4996: 'wcscpy': This function or variable may be unsafe. Consider using wcscpy_s instead. To disable deprecation, use _CRT_SECURE_NO_WARNINGS. See online help for details.
C:\Program Files (x86)\Windows Kits\10\Include\10.0.18362.0\ucrt\corecrt_wstring.h(123): message : 参见“wcscpy”的声明
C:\Users\lenovo\Desktop\创新实践文档—红桃组\项目实践作品\红桃\红桃\function.cpp(196,1): warning C4996: 'getch': The POSIX name for this item is deprecated. Instead, use the ISO C and C++ conformant name: _getch. See online help for details.
C:\Program Files (x86)\Windows Kits\10\Include\10.0.18362.0\ucrt\conio.h(453): message : 参见“getch”的声明
C:\Users\lenovo\Desktop\创新实践文档—红桃组\项目实践作品\红桃\红桃\function.cpp(234,1): warning C4996: 'getch': The POSIX name for this item is deprecated. Instead, use the ISO C and C++ conformant name: _getch. See online help for details.
C:\Program Files (x86)\Windows Kits\10\Include\10.0.18362.0\ucrt\conio.h(453): message : 参见“getch”的声明
C:\Users\lenovo\Desktop\创新实践文档—红桃组\项目实践作品\红桃\红桃\function.cpp(314,1): warning C4996: 'wcscpy': This function or variable may be unsafe. Consider using wcscpy_s instead. To disable deprecation, use _CRT_SECURE_NO_WARNINGS. See online help for details.
C:\Program Files (x86)\Windows Kits\10\Include\10.0.18362.0\ucrt\corecrt_wstring.h(123): message : 参见“wcscpy”的声明
C:\Users\lenovo\Desktop\创新实践文档—红桃组\项目实践作品\红桃\红桃\function.cpp(318,1): warning C4996: 'wcscpy': This function or variable may be unsafe. Consider using wcscpy_s instead. To disable deprecation, use _CRT_SECURE_NO_WARNINGS. See online help for details.
C:\Program Files (x86)\Windows Kits\10\Include\10.0.18362.0\ucrt\corecrt_wstring.h(123): message : 参见“wcscpy”的声明
C:\Users\lenovo\Desktop\创新实践文档—红桃组\项目实践作品\红桃\红桃\function.cpp(322,1): warning C4996: 'wcscpy': This function or variable may be unsafe. Consider using wcscpy_s instead. To disable deprecation, use _CRT_SECURE_NO_WARNINGS. See online help for details.
C:\Program Files (x86)\Windows Kits\10\Include\10.0.18362.0\ucrt\corecrt_wstring.h(123): message : 参见“wcscpy”的声明
C:\Users\lenovo\Desktop\创新实践文档—红桃组\项目实践作品\红桃\红桃\function.cpp(326,1): warning C4996: 'wcscpy': This function or variable may be unsafe. Consider using wcscpy_s instead. To disable deprecation, use _CRT_SECURE_NO_WARNINGS. See online help for details.
C:\Program Files (x86)\Windows Kits\10\Include\10.0.18362.0\ucrt\corecrt_wstring.h(123): message : 参见“wcscpy”的声明
C:\Users\lenovo\Desktop\创新实践文档—红桃组\项目实践作品\红桃\红桃\function.cpp(331,1): warning C4996: 'wcscpy': This function or variable may be unsafe. Consider using wcscpy_s instead. To disable deprecation, use _CRT_SECURE_NO_WARNINGS. See online help for details.
C:\Program Files (x86)\Windows Kits\10\Include\10.0.18362.0\ucrt\corecrt_wstring.h(123): message : 参见“wcscpy”的声明
C:\Users\lenovo\Desktop\创新实践文档—红桃组\项目实践作品\红桃\红桃\function.cpp(336,1): warning C4996: 'wcscpy': This function or variable may be unsafe. Consider using wcscpy_s instead. To disable deprecation, use _CRT_SECURE_NO_WARNINGS. See online help for details.
C:\Program Files (x86)\Windows Kits\10\Include\10.0.18362.0\ucrt\corecrt_wstring.h(123): message : 参见“wcscpy”的声明
C:\Users\lenovo\Desktop\创新实践文档—红桃组\项目实践作品\红桃\红桃\function.cpp(341,1): warning C4996: 'wcscpy': This function or variable may be unsafe. Consider using wcscpy_s instead. To disable deprecation, use _CRT_SECURE_NO_WARNINGS. See online help for details.
C:\Program Files (x86)\Windows Kits\10\Include\10.0.18362.0\ucrt\corecrt_wstring.h(123): message : 参见“wcscpy”的声明
C:\Users\lenovo\Desktop\创新实践文档—红桃组\项目实践作品\红桃\红桃\function.cpp(346,1): warning C4996: 'wcscpy': This function or variable may be unsafe. Consider using wcscpy_s instead. To disable deprecation, use _CRT_SECURE_NO_WARNINGS. See online help for details.
C:\Program Files (x86)\Windows Kits\10\Include\10.0.18362.0\ucrt\corecrt_wstring.h(123): message : 参见“wcscpy”的声明
C:\Users\lenovo\Desktop\创新实践文档—红桃组\项目实践作品\红桃\红桃\function.cpp(351,1): warning C4996: 'wcscpy': This function or variable may be unsafe. Consider using wcscpy_s instead. To disable deprecation, use _CRT_SECURE_NO_WARNINGS. See online help for details.
C:\Program Files (x86)\Windows Kits\10\Include\10.0.18362.0\ucrt\corecrt_wstring.h(123): message : 参见“wcscpy”的声明
C:\Users\lenovo\Desktop\创新实践文档—红桃组\项目实践作品\红桃\红桃\function.cpp(554,1): warning C4996: '_swprintf': This function or variable may be unsafe. Consider using swprintf_s instead. To disable deprecation, use _CRT_SECURE_NO_WARNINGS. See online help for details.
C:\Program Files (x86)\Windows Kits\10\Include\10.0.18362.0\ucrt\corecrt_wstdio.h(1446): message : 参见“_swprintf”的声明
C:\Users\lenovo\Desktop\创新实践文档—红桃组\项目实践作品\红桃\红桃\function.cpp(557,1): warning C4996: '_swprintf': This function or variable may be unsafe. Consider using swprintf_s instead. To disable deprecation, use _CRT_SECURE_NO_WARNINGS. See online help for details.
C:\Program Files (x86)\Windows Kits\10\Include\10.0.18362.0\ucrt\corecrt_wstdio.h(1446): message : 参见“_swprintf”的声明
C:\Users\lenovo\Desktop\创新实践文档—红桃组\项目实践作品\红桃\红桃\function.cpp(560,1): warning C4996: '_swprintf': This function or variable may be unsafe. Consider using swprintf_s instead. To disable deprecation, use _CRT_SECURE_NO_WARNINGS. See online help for details.
C:\Program Files (x86)\Windows Kits\10\Include\10.0.18362.0\ucrt\corecrt_wstdio.h(1446): message : 参见“_swprintf”的声明
C:\Users\lenovo\Desktop\创新实践文档—红桃组\项目实践作品\红桃\红桃\function.cpp(564,1): warning C4996: '_swprintf': This function or variable may be unsafe. Consider using swprintf_s instead. To disable deprecation, use _CRT_SECURE_NO_WARNINGS. See online help for details.
C:\Program Files (x86)\Windows Kits\10\Include\10.0.18362.0\ucrt\corecrt_wstdio.h(1446): message : 参见“_swprintf”的声明
C:\Users\lenovo\Desktop\创新实践文档—红桃组\项目实践作品\红桃\红桃\function.cpp(567,1): warning C4996: '_swprintf': This function or variable may be unsafe. Consider using swprintf_s instead. To disable deprecation, use _CRT_SECURE_NO_WARNINGS. See online help for details.
C:\Program Files (x86)\Windows Kits\10\Include\10.0.18362.0\ucrt\corecrt_wstdio.h(1446): message : 参见“_swprintf”的声明
C:\Users\lenovo\Desktop\创新实践文档—红桃组\项目实践作品\红桃\红桃\function.cpp(570,1): warning C4996: '_swprintf': This function or variable may be unsafe. Consider using swprintf_s instead. To disable deprecation, use _CRT_SECURE_NO_WARNINGS. See online help for details.
C:\Program Files (x86)\Windows Kits\10\Include\10.0.18362.0\ucrt\corecrt_wstdio.h(1446): message : 参见“_swprintf”的声明
C:\Users\lenovo\Desktop\创新实践文档—红桃组\项目实践作品\红桃\红桃\function.cpp(573,1): warning C4996: '_swprintf': This function or variable may be unsafe. Consider using swprintf_s instead. To disable deprecation, use _CRT_SECURE_NO_WARNINGS. See online help for details.
C:\Program Files (x86)\Windows Kits\10\Include\10.0.18362.0\ucrt\corecrt_wstdio.h(1446): message : 参见“_swprintf”的声明
C:\Users\lenovo\Desktop\创新实践文档—红桃组\项目实践作品\红桃\红桃\function.cpp(576,1): warning C4996: '_swprintf': This function or variable may be unsafe. Consider using swprintf_s instead. To disable deprecation, use _CRT_SECURE_NO_WARNINGS. See online help for details.
C:\Program Files (x86)\Windows Kits\10\Include\10.0.18362.0\ucrt\corecrt_wstdio.h(1446): message : 参见“_swprintf”的声明
C:\Users\lenovo\Desktop\创新实践文档—红桃组\项目实践作品\红桃\红桃\function.cpp(579,1): warning C4996: '_swprintf': This function or variable may be unsafe. Consider using swprintf_s instead. To disable deprecation, use _CRT_SECURE_NO_WARNINGS. See online help for details.
C:\Program Files (x86)\Windows Kits\10\Include\10.0.18362.0\ucrt\corecrt_wstdio.h(1446): message : 参见“_swprintf”的声明
C:\Users\lenovo\Desktop\创新实践文档—红桃组\项目实践作品\红桃\红桃\function.cpp(634,1): warning C4996: 'wcscpy': This function or variable may be unsafe. Consider using wcscpy_s instead. To disable deprecation, use _CRT_SECURE_NO_WARNINGS. See online help for details.
C:\Program Files (x86)\Windows Kits\10\Include\10.0.18362.0\ucrt\corecrt_wstring.h(123): message : 参见“wcscpy”的声明
C:\Users\lenovo\Desktop\创新实践文档—红桃组\项目实践作品\红桃\红桃\function.cpp(667,1): warning C4996: 'wcscpy': This function or variable may be unsafe. Consider using wcscpy_s instead. To disable deprecation, use _CRT_SECURE_NO_WARNINGS. See online help for details.
C:\Program Files (x86)\Windows Kits\10\Include\10.0.18362.0\ucrt\corecrt_wstring.h(123): message : 参见“wcscpy”的声明
C:\Users\lenovo\Desktop\创新实践文档—红桃组\项目实践作品\红桃\红桃\function.cpp(3257,1): warning C4996: 'fopen': This function or variable may be unsafe. Consider using fopen_s instead. To disable deprecation, use _CRT_SECURE_NO_WARNINGS. See online help for details.
C:\Program Files (x86)\Windows Kits\10\Include\10.0.18362.0\ucrt\stdio.h(208): message : 参见“fopen”的声明
C:\Users\lenovo\Desktop\创新实践文档—红桃组\项目实践作品\红桃\红桃\function.cpp(3315,1): warning C4996: 'fopen': This function or variable may be unsafe. Consider using fopen_s instead. To disable deprecation, use _CRT_SECURE_NO_WARNINGS. See online help for details.
C:\Program Files (x86)\Windows Kits\10\Include\10.0.18362.0\ucrt\stdio.h(208): message : 参见“fopen”的声明
C:\Users\lenovo\Desktop\创新实践文档—红桃组\项目实践作品\红桃\红桃\function.cpp(3322,1): warning C4996: 'fscanf': This function or variable may be unsafe. Consider using fscanf_s instead. To disable deprecation, use _CRT_SECURE_NO_WARNINGS. See online help for details.
C:\Program Files (x86)\Windows Kits\10\Include\10.0.18362.0\ucrt\stdio.h(1197): message : 参见“fscanf”的声明
C:\Users\lenovo\Desktop\创新实践文档—红桃组\项目实践作品\红桃\红桃\function.cpp(3323,1): warning C4996: 'fscanf': This function or variable may be unsafe. Consider using fscanf_s instead. To disable deprecation, use _CRT_SECURE_NO_WARNINGS. See online help for details.
C:\Program Files (x86)\Windows Kits\10\Include\10.0.18362.0\ucrt\stdio.h(1197): message : 参见“fscanf”的声明
C:\Users\lenovo\Desktop\创新实践文档—红桃组\项目实践作品\红桃\红桃\function.cpp(3328,1): warning C4996: 'fscanf': This function or variable may be unsafe. Consider using fscanf_s instead. To disable deprecation, use _CRT_SECURE_NO_WARNINGS. See online help for details.
C:\Program Files (x86)\Windows Kits\10\Include\10.0.18362.0\ucrt\stdio.h(1197): message : 参见“fscanf”的声明
C:\Users\lenovo\Desktop\创新实践文档—红桃组\项目实践作品\红桃\红桃\function.cpp(3336,1): warning C4996: 'fscanf': This function or variable may be unsafe. Consider using fscanf_s instead. To disable deprecation, use _CRT_SECURE_NO_WARNINGS. See online help for details.
C:\Program Files (x86)\Windows Kits\10\Include\10.0.18362.0\ucrt\stdio.h(1197): message : 参见“fscanf”的声明
C:\Users\lenovo\Desktop\创新实践文档—红桃组\项目实践作品\红桃\红桃\function.cpp(3344,1): warning C4996: 'fscanf': This function or variable may be unsafe. Consider using fscanf_s instead. To disable deprecation, use _CRT_SECURE_NO_WARNINGS. See online help for details.
C:\Program Files (x86)\Windows Kits\10\Include\10.0.18362.0\ucrt\stdio.h(1197): message : 参见“fscanf”的声明
C:\Users\lenovo\Desktop\创新实践文档—红桃组\项目实践作品\红桃\红桃\function.cpp(3352,1): warning C4996: 'fscanf': This function or variable may be unsafe. Consider using fscanf_s instead. To disable deprecation, use _CRT_SECURE_NO_WARNINGS. See online help for details.
C:\Program Files (x86)\Windows Kits\10\Include\10.0.18362.0\ucrt\stdio.h(1197): message : 参见“fscanf”的声明
C:\Users\lenovo\Desktop\创新实践文档—红桃组\项目实践作品\红桃\红桃\function.cpp(3360,1): warning C4996: 'fscanf': This function or variable may be unsafe. Consider using fscanf_s instead. To disable deprecation, use _CRT_SECURE_NO_WARNINGS. See online help for details.
C:\Program Files (x86)\Windows Kits\10\Include\10.0.18362.0\ucrt\stdio.h(1197): message : 参见“fscanf”的声明
  红桃.vcxproj -> C:\Users\lenovo\Desktop\创新实践文档—红桃组\项目实践作品\红桃\Debug\红桃.exe
